<?xml version="1.0" encoding="UTF-8"?>
<robot generator="Robot 7.3.2 (Python 3.13.5 on linux)" generated="2025-08-14T20:51:11.666230" rpa="false" schemaversion="5">
<suite id="s1" name="Board" source="/home/victor/Vídeos/TesteRobot/Robot-Framework/Card23331CadastrarNovaDIretoria/tests/board.robot">
<test id="s1-t1" name="Abrir Navegador e Acessar Login" line="8">
<kw name="Abrir Navegador" owner="board" type="SETUP">
<kw name="Open Browser" owner="SeleniumLibrary">
<msg time="2025-08-14T20:51:11.842814" level="INFO">Opening browser 'firefox' to base url 'None'.</msg>
<arg>browser=firefox</arg>
<doc>Opens a new browser instance to the optional ``url``.</doc>
<status status="PASS" start="2025-08-14T20:51:11.842328" elapsed="2.632986"/>
</kw>
<kw name="Maximize Browser Window" owner="SeleniumLibrary">
<doc>Maximizes current browser window.</doc>
<status status="PASS" start="2025-08-14T20:51:14.475874" elapsed="0.256806"/>
</kw>
<kw name="Go To" owner="SeleniumLibrary">
<msg time="2025-08-14T20:51:14.734185" level="INFO">Opening url 'https://supernatural.qacoders.dev.br/login'</msg>
<arg>url=${BASE_URL}</arg>
<doc>Navigates the current browser window to the provided ``url``.</doc>
<status status="PASS" start="2025-08-14T20:51:14.733285" elapsed="7.684532"/>
</kw>
<kw name="Input Text" owner="SeleniumLibrary">
<msg time="2025-08-14T20:51:22.419373" level="INFO">Typing text 'sysadmin@qacoders.com' into text field '//*[@id="email"]'.</msg>
<arg>locator=//*[@id="email"]</arg>
<arg>text=${ADMIN_EMAIL}</arg>
<doc>Types the given ``text`` into the text field identified by ``locator``.</doc>
<status status="PASS" start="2025-08-14T20:51:22.418276" elapsed="0.207934"/>
</kw>
<kw name="Input Text" owner="SeleniumLibrary">
<msg time="2025-08-14T20:51:22.627189" level="INFO">Typing text '1234@Test' into text field '//*[@id="password"]'.</msg>
<arg>locator=//*[@id="password"]</arg>
<arg>text=${ADMIN_PASSWORD}</arg>
<doc>Types the given ``text`` into the text field identified by ``locator``.</doc>
<status status="PASS" start="2025-08-14T20:51:22.626659" elapsed="0.071109"/>
</kw>
<kw name="Click Button" owner="SeleniumLibrary">
<msg time="2025-08-14T20:51:22.698400" level="INFO">Clicking button '//*[@id="login"]'.</msg>
<arg>//*[@id="login"]</arg>
<doc>Clicks the button identified by ``locator``.</doc>
<status status="PASS" start="2025-08-14T20:51:22.698075" elapsed="0.252717"/>
</kw>
<kw name="Close Browser" owner="SeleniumLibrary">
<doc>Closes the current browser.</doc>
<status status="PASS" start="2025-08-14T20:51:22.951168" elapsed="0.841210"/>
</kw>
<status status="PASS" start="2025-08-14T20:51:11.841289" elapsed="11.951428"/>
</kw>
<kw name="Abrir Navegador" owner="board">
<kw name="Open Browser" owner="SeleniumLibrary">
<msg time="2025-08-14T20:51:23.794296" level="INFO">Opening browser 'firefox' to base url 'None'.</msg>
<arg>browser=firefox</arg>
<doc>Opens a new browser instance to the optional ``url``.</doc>
<status status="PASS" start="2025-08-14T20:51:23.793896" elapsed="2.643804"/>
</kw>
<kw name="Maximize Browser Window" owner="SeleniumLibrary">
<doc>Maximizes current browser window.</doc>
<status status="PASS" start="2025-08-14T20:51:26.438061" elapsed="0.257941"/>
</kw>
<kw name="Go To" owner="SeleniumLibrary">
<msg time="2025-08-14T20:51:26.696619" level="INFO">Opening url 'https://supernatural.qacoders.dev.br/login'</msg>
<arg>url=${BASE_URL}</arg>
<doc>Navigates the current browser window to the provided ``url``.</doc>
<status status="PASS" start="2025-08-14T20:51:26.696327" elapsed="2.205733"/>
</kw>
<kw name="Input Text" owner="SeleniumLibrary">
<msg time="2025-08-14T20:51:28.903454" level="INFO">Typing text 'sysadmin@qacoders.com' into text field '//*[@id="email"]'.</msg>
<arg>locator=//*[@id="email"]</arg>
<arg>text=${ADMIN_EMAIL}</arg>
<doc>Types the given ``text`` into the text field identified by ``locator``.</doc>
<status status="PASS" start="2025-08-14T20:51:28.902668" elapsed="0.192302"/>
</kw>
<kw name="Input Text" owner="SeleniumLibrary">
<msg time="2025-08-14T20:51:29.095693" level="INFO">Typing text '1234@Test' into text field '//*[@id="password"]'.</msg>
<arg>locator=//*[@id="password"]</arg>
<arg>text=${ADMIN_PASSWORD}</arg>
<doc>Types the given ``text`` into the text field identified by ``locator``.</doc>
<status status="PASS" start="2025-08-14T20:51:29.095272" elapsed="0.065590"/>
</kw>
<kw name="Click Button" owner="SeleniumLibrary">
<msg time="2025-08-14T20:51:29.161483" level="INFO">Clicking button '//*[@id="login"]'.</msg>
<arg>//*[@id="login"]</arg>
<doc>Clicks the button identified by ``locator``.</doc>
<status status="PASS" start="2025-08-14T20:51:29.161164" elapsed="0.261821"/>
</kw>
<kw name="Close Browser" owner="SeleniumLibrary">
<doc>Closes the current browser.</doc>
<status status="PASS" start="2025-08-14T20:51:29.423287" elapsed="1.744433"/>
</kw>
<status status="PASS" start="2025-08-14T20:51:23.793326" elapsed="7.374637"/>
</kw>
<status status="PASS" start="2025-08-14T20:51:11.840332" elapsed="19.327941"/>
</test>
<status status="PASS" start="2025-08-14T20:51:11.669808" elapsed="19.499302"/>
</suite>
<statistics>
<total>
<stat pass="1" fail="0" skip="0">All Tests</stat>
</total>
<tag>
</tag>
<suite>
<stat name="Board" id="s1" pass="1" fail="0" skip="0">Board</stat>
</suite>
</statistics>
<errors>
</errors>
</robot>
